app/build/intermediates/manifest_merge_blame_file/debug/manifest-merger-blame-debug-report.txt
1<?xml version="1.0" encoding="utf-8"?>
2<manifest xmlns:android="http://schemas.android.com/apk/res/android"
3    package="com.app.airmenu"
4    android:versionCode="1"
5    android:versionName="1.0" >
6
7    <uses-sdk
8        android:minSdkVersion="21"
8-->src\main\AndroidManifest.xml
9        android:targetSdkVersion="32" />
9-->src\main\AndroidManifest.xml
10
11    <uses-permission android:name="android.permission.INTERNET" />
11-->src\main\AndroidManifest.xml:6:5-67
11-->src\main\AndroidManifest.xml:6:22-64
12    <uses-permission android:name="android.permission.FOREGROUND_SERVICE" />
12-->src\main\AndroidManifest.xml:7:5-77
12-->src\main\AndroidManifest.xml:7:22-74
13    <uses-permission android:name="android.permission.RECEIVE_BOOT_COMPLETED" />
13-->src\main\AndroidManifest.xml:8:5-81
13-->src\main\AndroidManifest.xml:8:22-78
14    <uses-permission android:name="android.permission.ACCESS_NETWORK_STATE" />
14-->src\main\AndroidManifest.xml:9:5-79
14-->src\main\AndroidManifest.xml:9:22-76
15    <uses-permission android:name="android.permission.WRITE_EXTERNAL_STORAGE" />
15-->src\main\AndroidManifest.xml:10:5-81
15-->src\main\AndroidManifest.xml:10:22-78
16    <uses-permission android:name="android.permission.READ_EXTERNAL_STORAGE" />
16-->src\main\AndroidManifest.xml:11:5-80
16-->src\main\AndroidManifest.xml:11:22-77
17    <uses-permission android:name="android.permission.SYSTEM_ALERT_WINDOW" />
17-->src\main\AndroidManifest.xml:12:5-78
17-->src\main\AndroidManifest.xml:12:22-75
18    <uses-permission android:name="android.permission.ACCESS_FINE_LOCATION" />
18-->[com.google.android.libraries.places:places:2.5.0] AndroidManifest.xml:9:5-79
18-->[com.google.android.libraries.places:places:2.5.0] AndroidManifest.xml:9:22-76
19    <uses-permission android:name="android.permission.ACCESS_WIFI_STATE" />
19-->[com.google.android.libraries.places:places:2.5.0] AndroidManifest.xml:10:5-76
19-->[com.google.android.libraries.places:places:2.5.0] AndroidManifest.xml:10:22-73
20    <uses-permission android:name="android.permission.WAKE_LOCK" /> <!-- Required by older versions of Google Play services to create IID tokens -->
20-->[com.google.firebase:firebase-messaging:22.0.0] AndroidManifest.xml:23:5-68
20-->[com.google.firebase:firebase-messaging:22.0.0] AndroidManifest.xml:23:22-65
21    <uses-permission android:name="com.google.android.c2dm.permission.RECEIVE" />
21-->[com.google.firebase:firebase-messaging:22.0.0] AndroidManifest.xml:25:5-82
21-->[com.google.firebase:firebase-messaging:22.0.0] AndroidManifest.xml:25:22-79
22
23    <uses-feature
23-->[com.google.android.gms:play-services-maps:17.0.0] AndroidManifest.xml:26:5-28:35
24        android:glEsVersion="0x00020000"
24-->[com.google.android.gms:play-services-maps:17.0.0] AndroidManifest.xml:27:9-41
25        android:required="true" />
25-->[com.google.android.gms:play-services-maps:17.0.0] AndroidManifest.xml:28:9-32
26
27    <uses-permission android:name="com.google.android.finsky.permission.BIND_GET_INSTALL_REFERRER_SERVICE" />
27-->[com.google.android.gms:play-services-measurement:19.0.0] AndroidManifest.xml:26:5-110
27-->[com.google.android.gms:play-services-measurement:19.0.0] AndroidManifest.xml:26:22-107
28
29    <application
29-->src\main\AndroidManifest.xml:14:5-79:19
30        android:name="com.app.airmenu.AirMenuApp"
30-->src\main\AndroidManifest.xml:15:9-35
31        android:allowBackup="false"
31-->src\main\AndroidManifest.xml:16:9-36
32        android:appComponentFactory="androidx.core.app.CoreComponentFactory"
32-->[androidx.core:core:1.7.0] AndroidManifest.xml:24:18-86
33        android:debuggable="true"
34        android:icon="@mipmap/ic_launcher"
34-->src\main\AndroidManifest.xml:17:9-43
35        android:label="@string/app_name"
35-->src\main\AndroidManifest.xml:18:9-41
36        android:requestLegacyExternalStorage="true"
36-->src\main\AndroidManifest.xml:19:9-52
37        android:roundIcon="@mipmap/ic_launcher_round"
37-->src\main\AndroidManifest.xml:20:9-54
38        android:supportsRtl="true"
38-->src\main\AndroidManifest.xml:21:9-35
39        android:testOnly="true"
40        android:theme="@style/Theme.AirMenu"
40-->src\main\AndroidManifest.xml:22:9-45
41        android:usesCleartextTraffic="true" >
41-->src\main\AndroidManifest.xml:23:9-44
42        <activity android:name="com.app.airmenu.ui.UberOrderNotification" />
42-->src\main\AndroidManifest.xml:25:9-71
42-->src\main\AndroidManifest.xml:25:19-59
43        <activity android:name="com.app.airmenu.ui.Splahsh" >
43-->src\main\AndroidManifest.xml:26:9-32:20
43-->src\main\AndroidManifest.xml:26:19-45
44            <intent-filter>
44-->src\main\AndroidManifest.xml:27:13-31:29
45                <action android:name="android.intent.action.MAIN" />
45-->src\main\AndroidManifest.xml:28:17-69
45-->src\main\AndroidManifest.xml:28:25-66
46
47                <category android:name="android.intent.category.LAUNCHER" />
47-->src\main\AndroidManifest.xml:30:17-77
47-->src\main\AndroidManifest.xml:30:27-74
48            </intent-filter>
49        </activity>
50        <activity android:name="com.app.airmenu.ui.HomeActivity" />
50-->src\main\AndroidManifest.xml:33:9-53
50-->src\main\AndroidManifest.xml:33:19-50
51        <activity android:name="com.app.airmenu.ui.Settings" />
51-->src\main\AndroidManifest.xml:34:9-49
51-->src\main\AndroidManifest.xml:34:19-46
52        <activity android:name="com.app.airmenu.ui.MainActivity" />
52-->src\main\AndroidManifest.xml:35:9-62
52-->src\main\AndroidManifest.xml:35:19-50
53
54        <receiver android:name="com.app.airmenu.broadcast.OnDeviceRebootReceiver" >
54-->src\main\AndroidManifest.xml:37:9-42:20
54-->src\main\AndroidManifest.xml:37:19-67
55            <intent-filter>
55-->src\main\AndroidManifest.xml:38:13-41:29
56                <action android:name="android.intent.action.BOOT_COMPLETED" />
56-->src\main\AndroidManifest.xml:39:17-79
56-->src\main\AndroidManifest.xml:39:25-76
57                <action android:name="android.intent.action.QUICKBOOT_POWERON" />
57-->src\main\AndroidManifest.xml:40:17-82
57-->src\main\AndroidManifest.xml:40:25-79
58            </intent-filter>
59        </receiver>
60
61        <service android:name="com.app.airmenu.service.NotificationService" />
61-->src\main\AndroidManifest.xml:44:9-64
61-->src\main\AndroidManifest.xml:44:18-61
62        <service android:name="com.app.airmenu.service.JavaNotificationService" />
62-->src\main\AndroidManifest.xml:45:9-68
62-->src\main\AndroidManifest.xml:45:18-65
63        <service
63-->src\main\AndroidManifest.xml:46:9-52:19
64            android:name="com.app.airmenu.fcm.MyFirebaseMessagingService"
64-->src\main\AndroidManifest.xml:47:13-59
65            android:exported="false" >
65-->src\main\AndroidManifest.xml:48:13-37
66            <intent-filter>
66-->src\main\AndroidManifest.xml:49:13-51:29
67                <action android:name="com.google.firebase.MESSAGING_EVENT" />
67-->src\main\AndroidManifest.xml:50:17-78
67-->src\main\AndroidManifest.xml:50:25-75
68            </intent-filter>
69        </service>
70        <!--
71 Set custom default icon. This is used when no icon is set for incoming notification messages.
72     See README(https://goo.gl/l4GJaQ) for more.
73        -->
74        <meta-data
74-->src\main\AndroidManifest.xml:57:9-59:67
75            android:name="com.google.firebase.messaging.default_notification_icon"
75-->src\main\AndroidManifest.xml:58:13-83
76            android:resource="@drawable/ic_launcher_foreground" />
76-->src\main\AndroidManifest.xml:59:13-64
77        <!--
78 Set color used with incoming notification messages. This is used when no color is set for the incoming
79             notification message. See README(https://goo.gl/6BKBk7) for more.
80        -->
81        <meta-data
81-->src\main\AndroidManifest.xml:64:9-66:50
82            android:name="com.google.firebase.messaging.default_notification_color"
82-->src\main\AndroidManifest.xml:65:13-84
83            android:resource="@color/teal_200" />
83-->src\main\AndroidManifest.xml:66:13-47
84
85        <receiver
85-->src\main\AndroidManifest.xml:68:9-76:20
86            android:name="com.app.airmenu.utils.NetworkWatcher"
86-->src\main\AndroidManifest.xml:69:13-49
87            android:exported="true" >
87-->src\main\AndroidManifest.xml:70:13-36
88            <intent-filter>
88-->src\main\AndroidManifest.xml:71:13-75:29
89                <action android:name="android.net.conn.CONNECTIVITY_CHANGE" />
89-->src\main\AndroidManifest.xml:72:17-74:50
89-->src\main\AndroidManifest.xml:73:21-72
90            </intent-filter>
91        </receiver>
92
93        <service
93-->[com.google.firebase:firebase-firestore:23.0.0] AndroidManifest.xml:17:9-23:19
94            android:name="com.google.firebase.components.ComponentDiscoveryService"
94-->[com.google.firebase:firebase-firestore:23.0.0] AndroidManifest.xml:18:13-84
95            android:directBootAware="true"
95-->[com.google.firebase:firebase-common:20.0.0] AndroidManifest.xml:35:13-43
96            android:exported="false" >
96-->[com.google.firebase:firebase-firestore:23.0.0] AndroidManifest.xml:19:13-37
97            <meta-data
97-->[com.google.firebase:firebase-firestore:23.0.0] AndroidManifest.xml:20:13-22:85
98                android:name="com.google.firebase.components:com.google.firebase.firestore.FirestoreRegistrar"
98-->[com.google.firebase:firebase-firestore:23.0.0] AndroidManifest.xml:21:17-111
99                android:value="com.google.firebase.components.ComponentRegistrar" />
99-->[com.google.firebase:firebase-firestore:23.0.0] AndroidManifest.xml:22:17-82
100            <meta-data
100-->[com.google.firebase:firebase-messaging:22.0.0] AndroidManifest.xml:52:13-54:85
101                android:name="com.google.firebase.components:com.google.firebase.messaging.FirebaseMessagingRegistrar"
101-->[com.google.firebase:firebase-messaging:22.0.0] AndroidManifest.xml:53:17-119
102                android:value="com.google.firebase.components.ComponentRegistrar" />
102-->[com.google.firebase:firebase-messaging:22.0.0] AndroidManifest.xml:54:17-82
103            <meta-data
103-->[com.google.firebase:firebase-auth:21.0.1] AndroidManifest.xml:77:13-79:85
104                android:name="com.google.firebase.components:com.google.firebase.auth.FirebaseAuthRegistrar"
104-->[com.google.firebase:firebase-auth:21.0.1] AndroidManifest.xml:78:17-109
105                android:value="com.google.firebase.components.ComponentRegistrar" />
105-->[com.google.firebase:firebase-auth:21.0.1] AndroidManifest.xml:79:17-82
106            <meta-data
106-->[com.google.firebase:firebase-storage:20.0.0] AndroidManifest.xml:33:13-35:85
107                android:name="com.google.firebase.components:com.google.firebase.storage.StorageRegistrar"
107-->[com.google.firebase:firebase-storage:20.0.0] AndroidManifest.xml:34:17-107
108                android:value="com.google.firebase.components.ComponentRegistrar" />
108-->[com.google.firebase:firebase-storage:20.0.0] AndroidManifest.xml:35:17-82
109            <meta-data
109-->[com.google.firebase:firebase-datatransport:18.0.0] AndroidManifest.xml:28:13-30:85
110                android:name="com.google.firebase.components:com.google.firebase.datatransport.TransportRegistrar"
110-->[com.google.firebase:firebase-datatransport:18.0.0] AndroidManifest.xml:29:17-115
111                android:value="com.google.firebase.components.ComponentRegistrar" />
111-->[com.google.firebase:firebase-datatransport:18.0.0] AndroidManifest.xml:30:17-82
112            <meta-data
112-->[com.google.android.gms:play-services-measurement-api:19.0.0] AndroidManifest.xml:30:13-32:85
113                android:name="com.google.firebase.components:com.google.firebase.analytics.connector.internal.AnalyticsConnectorRegistrar"
113-->[com.google.android.gms:play-services-measurement-api:19.0.0] AndroidManifest.xml:31:17-139
114                android:value="com.google.firebase.components.ComponentRegistrar" />
114-->[com.google.android.gms:play-services-measurement-api:19.0.0] AndroidManifest.xml:32:17-82
115            <meta-data
115-->[com.google.firebase:firebase-installations:17.0.0] AndroidManifest.xml:18:13-20:85
116                android:name="com.google.firebase.components:com.google.firebase.installations.FirebaseInstallationsRegistrar"
116-->[com.google.firebase:firebase-installations:17.0.0] AndroidManifest.xml:19:17-127
117                android:value="com.google.firebase.components.ComponentRegistrar" />
117-->[com.google.firebase:firebase-installations:17.0.0] AndroidManifest.xml:20:17-82
118        </service>
119
120        <activity
120-->[com.google.android.libraries.places:places:2.5.0] AndroidManifest.xml:14:9-20:20
121            android:name="com.google.android.libraries.places.widget.AutocompleteActivity"
121-->[com.google.android.libraries.places:places:2.5.0] AndroidManifest.xml:15:13-91
122            android:exported="false"
122-->[com.google.android.libraries.places:places:2.5.0] AndroidManifest.xml:16:13-37
123            android:label="@string/places_autocomplete_label"
123-->[com.google.android.libraries.places:places:2.5.0] AndroidManifest.xml:17:13-62
124            android:theme="@style/PlacesAutocompleteOverlay"
124-->[com.google.android.libraries.places:places:2.5.0] AndroidManifest.xml:18:13-61
125            android:windowSoftInputMode="adjustResize" >
125-->[com.google.android.libraries.places:places:2.5.0] AndroidManifest.xml:19:13-55
126        </activity>
127
128        <receiver
128-->[com.google.firebase:firebase-messaging:22.0.0] AndroidManifest.xml:28:9-35:20
129            android:name="com.google.firebase.iid.FirebaseInstanceIdReceiver"
129-->[com.google.firebase:firebase-messaging:22.0.0] AndroidManifest.xml:29:13-78
130            android:exported="true"
130-->[com.google.firebase:firebase-messaging:22.0.0] AndroidManifest.xml:30:13-36
131            android:permission="com.google.android.c2dm.permission.SEND" >
131-->[com.google.firebase:firebase-messaging:22.0.0] AndroidManifest.xml:31:13-73
132            <intent-filter>
132-->[com.google.firebase:firebase-messaging:22.0.0] AndroidManifest.xml:32:13-34:29
133                <action android:name="com.google.android.c2dm.intent.RECEIVE" />
133-->[com.google.firebase:firebase-messaging:22.0.0] AndroidManifest.xml:33:17-81
133-->[com.google.firebase:firebase-messaging:22.0.0] AndroidManifest.xml:33:25-78
134            </intent-filter>
135        </receiver>
136        <!--
137             FirebaseMessagingService performs security checks at runtime,
138             but set to not exported to explicitly avoid allowing another app to call it.
139        -->
140        <service
140-->[com.google.firebase:firebase-messaging:22.0.0] AndroidManifest.xml:41:9-48:19
141            android:name="com.google.firebase.messaging.FirebaseMessagingService"
141-->[com.google.firebase:firebase-messaging:22.0.0] AndroidManifest.xml:42:13-82
142            android:directBootAware="true"
142-->[com.google.firebase:firebase-messaging:22.0.0] AndroidManifest.xml:43:13-43
143            android:exported="false" >
143-->[com.google.firebase:firebase-messaging:22.0.0] AndroidManifest.xml:44:13-37
144            <intent-filter android:priority="-500" >
144-->src\main\AndroidManifest.xml:49:13-51:29
145                <action android:name="com.google.firebase.MESSAGING_EVENT" />
145-->src\main\AndroidManifest.xml:50:17-78
145-->src\main\AndroidManifest.xml:50:25-75
146            </intent-filter>
147        </service>
148
149        <activity
149-->[com.google.firebase:firebase-auth:21.0.1] AndroidManifest.xml:27:9-44:20
150            android:name="com.google.firebase.auth.internal.GenericIdpActivity"
150-->[com.google.firebase:firebase-auth:21.0.1] AndroidManifest.xml:28:13-80
151            android:excludeFromRecents="true"
151-->[com.google.firebase:firebase-auth:21.0.1] AndroidManifest.xml:29:13-46
152            android:exported="true"
152-->[com.google.firebase:firebase-auth:21.0.1] AndroidManifest.xml:30:13-36
153            android:launchMode="singleTask"
153-->[com.google.firebase:firebase-auth:21.0.1] AndroidManifest.xml:31:13-44
154            android:theme="@android:style/Theme.Translucent.NoTitleBar" >
154-->[com.google.firebase:firebase-auth:21.0.1] AndroidManifest.xml:32:13-72
155            <intent-filter>
155-->[com.google.firebase:firebase-auth:21.0.1] AndroidManifest.xml:33:13-43:29
156                <action android:name="android.intent.action.VIEW" />
156-->[com.google.firebase:firebase-auth:21.0.1] AndroidManifest.xml:34:17-69
156-->[com.google.firebase:firebase-auth:21.0.1] AndroidManifest.xml:34:25-66
157
158                <category android:name="android.intent.category.DEFAULT" />
158-->[com.google.firebase:firebase-auth:21.0.1] AndroidManifest.xml:36:17-76
158-->[com.google.firebase:firebase-auth:21.0.1] AndroidManifest.xml:36:27-73
159                <category android:name="android.intent.category.BROWSABLE" />
159-->[com.google.firebase:firebase-auth:21.0.1] AndroidManifest.xml:37:17-78
159-->[com.google.firebase:firebase-auth:21.0.1] AndroidManifest.xml:37:27-75
160
161                <data
161-->[com.google.firebase:firebase-auth:21.0.1] AndroidManifest.xml:39:17-42:51
162                    android:host="firebase.auth"
162-->[com.google.firebase:firebase-auth:21.0.1] AndroidManifest.xml:40:21-49
163                    android:path="/"
163-->[com.google.firebase:firebase-auth:21.0.1] AndroidManifest.xml:41:21-37
164                    android:scheme="genericidp" />
164-->[com.google.firebase:firebase-auth:21.0.1] AndroidManifest.xml:42:21-48
165            </intent-filter>
166        </activity>
167        <activity
167-->[com.google.firebase:firebase-auth:21.0.1] AndroidManifest.xml:45:9-62:20
168            android:name="com.google.firebase.auth.internal.RecaptchaActivity"
168-->[com.google.firebase:firebase-auth:21.0.1] AndroidManifest.xml:46:13-79
169            android:excludeFromRecents="true"
169-->[com.google.firebase:firebase-auth:21.0.1] AndroidManifest.xml:47:13-46
170            android:exported="true"
170-->[com.google.firebase:firebase-auth:21.0.1] AndroidManifest.xml:48:13-36
171            android:launchMode="singleTask"
171-->[com.google.firebase:firebase-auth:21.0.1] AndroidManifest.xml:49:13-44
172            android:theme="@android:style/Theme.Translucent.NoTitleBar" >
172-->[com.google.firebase:firebase-auth:21.0.1] AndroidManifest.xml:50:13-72
173            <intent-filter>
173-->[com.google.firebase:firebase-auth:21.0.1] AndroidManifest.xml:51:13-61:29
174                <action android:name="android.intent.action.VIEW" />
174-->[com.google.firebase:firebase-auth:21.0.1] AndroidManifest.xml:34:17-69
174-->[com.google.firebase:firebase-auth:21.0.1] AndroidManifest.xml:34:25-66
175
176                <category android:name="android.intent.category.DEFAULT" />
176-->[com.google.firebase:firebase-auth:21.0.1] AndroidManifest.xml:36:17-76
176-->[com.google.firebase:firebase-auth:21.0.1] AndroidManifest.xml:36:27-73
177                <category android:name="android.intent.category.BROWSABLE" />
177-->[com.google.firebase:firebase-auth:21.0.1] AndroidManifest.xml:37:17-78
177-->[com.google.firebase:firebase-auth:21.0.1] AndroidManifest.xml:37:27-75
178
179                <data
179-->[com.google.firebase:firebase-auth:21.0.1] AndroidManifest.xml:39:17-42:51
180                    android:host="firebase.auth"
180-->[com.google.firebase:firebase-auth:21.0.1] AndroidManifest.xml:40:21-49
181                    android:path="/"
181-->[com.google.firebase:firebase-auth:21.0.1] AndroidManifest.xml:41:21-37
182                    android:scheme="recaptcha" />
182-->[com.google.firebase:firebase-auth:21.0.1] AndroidManifest.xml:42:21-48
183            </intent-filter>
184        </activity>
185
186        <service
186-->[com.google.firebase:firebase-auth:21.0.1] AndroidManifest.xml:64:9-73:19
187            android:name="com.google.firebase.auth.api.fallback.service.FirebaseAuthFallbackService"
187-->[com.google.firebase:firebase-auth:21.0.1] AndroidManifest.xml:65:13-101
188            android:enabled="true"
188-->[com.google.firebase:firebase-auth:21.0.1] AndroidManifest.xml:66:13-35
189            android:exported="false" >
189-->[com.google.firebase:firebase-auth:21.0.1] AndroidManifest.xml:67:13-37
190            <intent-filter>
190-->[com.google.firebase:firebase-auth:21.0.1] AndroidManifest.xml:68:13-72:29
191                <action android:name="com.google.firebase.auth.api.gms.service.START" />
191-->[com.google.firebase:firebase-auth:21.0.1] AndroidManifest.xml:69:17-89
191-->[com.google.firebase:firebase-auth:21.0.1] AndroidManifest.xml:69:25-86
192
193                <category android:name="android.intent.category.DEFAULT" />
193-->[com.google.firebase:firebase-auth:21.0.1] AndroidManifest.xml:36:17-76
193-->[com.google.firebase:firebase-auth:21.0.1] AndroidManifest.xml:36:27-73
194            </intent-filter>
195        </service>
196
197        <provider
197-->[androidx.work:work-runtime:2.5.0] AndroidManifest.xml:31:9-37:35
198            android:name="androidx.work.impl.WorkManagerInitializer"
198-->[androidx.work:work-runtime:2.5.0] AndroidManifest.xml:32:13-69
199            android:authorities="com.app.airmenu.workmanager-init"
199-->[androidx.work:work-runtime:2.5.0] AndroidManifest.xml:33:13-68
200            android:directBootAware="false"
200-->[androidx.work:work-runtime:2.5.0] AndroidManifest.xml:34:13-44
201            android:exported="false"
201-->[androidx.work:work-runtime:2.5.0] AndroidManifest.xml:35:13-37
202            android:multiprocess="true" />
202-->[androidx.work:work-runtime:2.5.0] AndroidManifest.xml:36:13-40
203
204        <service
204-->[androidx.work:work-runtime:2.5.0] AndroidManifest.xml:39:9-44:35
205            android:name="androidx.work.impl.background.systemalarm.SystemAlarmService"
205-->[androidx.work:work-runtime:2.5.0] AndroidManifest.xml:40:13-88
206            android:directBootAware="false"
206-->[androidx.work:work-runtime:2.5.0] AndroidManifest.xml:41:13-44
207            android:enabled="@bool/enable_system_alarm_service_default"
207-->[androidx.work:work-runtime:2.5.0] AndroidManifest.xml:42:13-72
208            android:exported="false" />
208-->[androidx.work:work-runtime:2.5.0] AndroidManifest.xml:43:13-37
209        <service
209-->[androidx.work:work-runtime:2.5.0] AndroidManifest.xml:45:9-51:35
210            android:name="androidx.work.impl.background.systemjob.SystemJobService"
210-->[androidx.work:work-runtime:2.5.0] AndroidManifest.xml:46:13-84
211            android:directBootAware="false"
211-->[androidx.work:work-runtime:2.5.0] AndroidManifest.xml:47:13-44
212            android:enabled="@bool/enable_system_job_service_default"
212-->[androidx.work:work-runtime:2.5.0] AndroidManifest.xml:48:13-70
213            android:exported="true"
213-->[androidx.work:work-runtime:2.5.0] AndroidManifest.xml:49:13-36
214            android:permission="android.permission.BIND_JOB_SERVICE" />
214-->[androidx.work:work-runtime:2.5.0] AndroidManifest.xml:50:13-69
215        <service
215-->[androidx.work:work-runtime:2.5.0] AndroidManifest.xml:52:9-57:35
216            android:name="androidx.work.impl.foreground.SystemForegroundService"
216-->[androidx.work:work-runtime:2.5.0] AndroidManifest.xml:53:13-81
217            android:directBootAware="false"
217-->[androidx.work:work-runtime:2.5.0] AndroidManifest.xml:54:13-44
218            android:enabled="@bool/enable_system_foreground_service_default"
218-->[androidx.work:work-runtime:2.5.0] AndroidManifest.xml:55:13-77
219            android:exported="false" />
219-->[androidx.work:work-runtime:2.5.0] AndroidManifest.xml:56:13-37
220
221        <receiver
221-->[androidx.work:work-runtime:2.5.0] AndroidManifest.xml:59:9-64:35
222            android:name="androidx.work.impl.utils.ForceStopRunnable$BroadcastReceiver"
222-->[androidx.work:work-runtime:2.5.0] AndroidManifest.xml:60:13-88
223            android:directBootAware="false"
223-->[androidx.work:work-runtime:2.5.0] AndroidManifest.xml:61:13-44
224            android:enabled="true"
224-->[androidx.work:work-runtime:2.5.0] AndroidManifest.xml:62:13-35
225            android:exported="false" />
225-->[androidx.work:work-runtime:2.5.0] AndroidManifest.xml:63:13-37
226        <receiver
226-->[androidx.work:work-runtime:2.5.0] AndroidManifest.xml:65:9-75:20
227            android:name="androidx.work.impl.background.systemalarm.ConstraintProxy$BatteryChargingProxy"
227-->[androidx.work:work-runtime:2.5.0] AndroidManifest.xml:66:13-106
228            android:directBootAware="false"
228-->[androidx.work:work-runtime:2.5.0] AndroidManifest.xml:67:13-44
229            android:enabled="false"
229-->[androidx.work:work-runtime:2.5.0] AndroidManifest.xml:68:13-36
230            android:exported="false" >
230-->[androidx.work:work-runtime:2.5.0] AndroidManifest.xml:69:13-37
231            <intent-filter>
231-->[androidx.work:work-runtime:2.5.0] AndroidManifest.xml:71:13-74:29
232                <action android:name="android.intent.action.ACTION_POWER_CONNECTED" />
232-->[androidx.work:work-runtime:2.5.0] AndroidManifest.xml:72:17-87
232-->[androidx.work:work-runtime:2.5.0] AndroidManifest.xml:72:25-84
233                <action android:name="android.intent.action.ACTION_POWER_DISCONNECTED" />
233-->[androidx.work:work-runtime:2.5.0] AndroidManifest.xml:73:17-90
233-->[androidx.work:work-runtime:2.5.0] AndroidManifest.xml:73:25-87
234            </intent-filter>
235        </receiver>
236        <receiver
236-->[androidx.work:work-runtime:2.5.0] AndroidManifest.xml:76:9-86:20
237            android:name="androidx.work.impl.background.systemalarm.ConstraintProxy$BatteryNotLowProxy"
237-->[androidx.work:work-runtime:2.5.0] AndroidManifest.xml:77:13-104
238            android:directBootAware="false"
238-->[androidx.work:work-runtime:2.5.0] AndroidManifest.xml:78:13-44
239            android:enabled="false"
239-->[androidx.work:work-runtime:2.5.0] AndroidManifest.xml:79:13-36
240            android:exported="false" >
240-->[androidx.work:work-runtime:2.5.0] AndroidManifest.xml:80:13-37
241            <intent-filter>
241-->[androidx.work:work-runtime:2.5.0] AndroidManifest.xml:82:13-85:29
242                <action android:name="android.intent.action.BATTERY_OKAY" />
242-->[androidx.work:work-runtime:2.5.0] AndroidManifest.xml:83:17-77
242-->[androidx.work:work-runtime:2.5.0] AndroidManifest.xml:83:25-74
243                <action android:name="android.intent.action.BATTERY_LOW" />
243-->[androidx.work:work-runtime:2.5.0] AndroidManifest.xml:84:17-76
243-->[androidx.work:work-runtime:2.5.0] AndroidManifest.xml:84:25-73
244            </intent-filter>
245        </receiver>
246        <receiver
246-->[androidx.work:work-runtime:2.5.0] AndroidManifest.xml:87:9-97:20
247            android:name="androidx.work.impl.background.systemalarm.ConstraintProxy$StorageNotLowProxy"
247-->[androidx.work:work-runtime:2.5.0] AndroidManifest.xml:88:13-104
248            android:directBootAware="false"
248-->[androidx.work:work-runtime:2.5.0] AndroidManifest.xml:89:13-44
249            android:enabled="false"
249-->[androidx.work:work-runtime:2.5.0] AndroidManifest.xml:90:13-36
250            android:exported="false" >
250-->[androidx.work:work-runtime:2.5.0] AndroidManifest.xml:91:13-37
251            <intent-filter>
251-->[androidx.work:work-runtime:2.5.0] AndroidManifest.xml:93:13-96:29
252                <action android:name="android.intent.action.DEVICE_STORAGE_LOW" />
252-->[androidx.work:work-runtime:2.5.0] AndroidManifest.xml:94:17-83
252-->[androidx.work:work-runtime:2.5.0] AndroidManifest.xml:94:25-80
253                <action android:name="android.intent.action.DEVICE_STORAGE_OK" />
253-->[androidx.work:work-runtime:2.5.0] AndroidManifest.xml:95:17-82
253-->[androidx.work:work-runtime:2.5.0] AndroidManifest.xml:95:25-79
254            </intent-filter>
255        </receiver>
256        <receiver
256-->[androidx.work:work-runtime:2.5.0] AndroidManifest.xml:98:9-107:20
257            android:name="androidx.work.impl.background.systemalarm.ConstraintProxy$NetworkStateProxy"
257-->[androidx.work:work-runtime:2.5.0] AndroidManifest.xml:99:13-103
258            android:directBootAware="false"
258-->[androidx.work:work-runtime:2.5.0] AndroidManifest.xml:100:13-44
259            android:enabled="false"
259-->[androidx.work:work-runtime:2.5.0] AndroidManifest.xml:101:13-36
260            android:exported="false" >
260-->[androidx.work:work-runtime:2.5.0] AndroidManifest.xml:102:13-37
261            <intent-filter>
261-->src\main\AndroidManifest.xml:71:13-75:29
262                <action android:name="android.net.conn.CONNECTIVITY_CHANGE" />
262-->src\main\AndroidManifest.xml:72:17-74:50
262-->src\main\AndroidManifest.xml:73:21-72
263            </intent-filter>
264        </receiver>
265        <receiver
265-->[androidx.work:work-runtime:2.5.0] AndroidManifest.xml:108:9-119:20
266            android:name="androidx.work.impl.background.systemalarm.RescheduleReceiver"
266-->[androidx.work:work-runtime:2.5.0] AndroidManifest.xml:109:13-88
267            android:directBootAware="false"
267-->[androidx.work:work-runtime:2.5.0] AndroidManifest.xml:110:13-44
268            android:enabled="false"
268-->[androidx.work:work-runtime:2.5.0] AndroidManifest.xml:111:13-36
269            android:exported="false" >
269-->[androidx.work:work-runtime:2.5.0] AndroidManifest.xml:112:13-37
270            <intent-filter>
270-->[androidx.work:work-runtime:2.5.0] AndroidManifest.xml:114:13-118:29
271                <action android:name="android.intent.action.BOOT_COMPLETED" />
271-->src\main\AndroidManifest.xml:39:17-79
271-->src\main\AndroidManifest.xml:39:25-76
272                <action android:name="android.intent.action.TIME_SET" />
272-->[androidx.work:work-runtime:2.5.0] AndroidManifest.xml:116:17-73